<?xml version="1.0" encoding="UTF-8"?>
<!-- Generated by org.testng.reporters.JUnitXMLReporter -->
<testsuite hostname="admins-MacBook-Pro-88.local" ignored="0" name="Demo Data-Driven Test" tests="3" failures="0" timestamp="24 Nov 2018 03:58:17 GMT" time="15.871" errors="0">
  <testcase name="testPlus" time="3.385" classname="test.DataDrivenTest"/>
  <testcase name="testPlus" time="3.54" classname="test.DataDrivenTest"/>
  <testcase name="testPlus" time="3.332" classname="test.DataDrivenTest"/>
</testsuite> <!-- Demo Data-Driven Test -->
