<?xml version="1.0" encoding="UTF-8"?>
<testng-results skipped="0" failed="0" ignored="0" total="3" passed="3">
  <reporter-output>
  </reporter-output>
  <suite name="Demo Data-Driven Suite" duration-ms="15871" started-at="2018-11-24T03:58:01Z" finished-at="2018-11-24T03:58:17Z">
    <groups>
    </groups>
    <test name="Demo Data-Driven Test" duration-ms="15871" started-at="2018-11-24T03:58:01Z" finished-at="2018-11-24T03:58:17Z">
      <class name="test.DataDrivenTest">
        <test-method status="PASS" signature="classSetUp()[pri:0, instance:test.DataDrivenTest@42607a4f]" name="classSetUp" is-config="true" duration-ms="4527" started-at="2018-11-24T03:58:01Z" finished-at="2018-11-24T03:58:06Z">
          <reporter-output>
          </reporter-output>
        </test-method> <!-- classSetUp -->
        <test-method status="PASS" signature="testPlus(java.lang.String, java.lang.String, java.lang.String)[pri:0, instance:test.DataDrivenTest@42607a4f]" name="testPlus" duration-ms="3385" started-at="2018-11-24T03:58:07Z" data-provider="calculatorProvider" finished-at="2018-11-24T03:58:10Z">
          <params>
            <param index="0">
              <value>
                <![CDATA[5]]>
              </value>
            </param>
            <param index="1">
              <value>
                <![CDATA[5]]>
              </value>
            </param>
            <param index="2">
              <value>
                <![CDATA[10]]>
              </value>
            </param>
          </params>
          <reporter-output>
          </reporter-output>
        </test-method> <!-- testPlus -->
        <test-method status="PASS" signature="testPlus(java.lang.String, java.lang.String, java.lang.String)[pri:0, instance:test.DataDrivenTest@42607a4f]" name="testPlus" duration-ms="3540" started-at="2018-11-24T03:58:10Z" data-provider="calculatorProvider" finished-at="2018-11-24T03:58:13Z">
          <params>
            <param index="0">
              <value>
                <![CDATA[5]]>
              </value>
            </param>
            <param index="1">
              <value>
                <![CDATA[1]]>
              </value>
            </param>
            <param index="2">
              <value>
                <![CDATA[6]]>
              </value>
            </param>
          </params>
          <reporter-output>
          </reporter-output>
        </test-method> <!-- testPlus -->
        <test-method status="PASS" signature="testPlus(java.lang.String, java.lang.String, java.lang.String)[pri:0, instance:test.DataDrivenTest@42607a4f]" name="testPlus" duration-ms="3332" started-at="2018-11-24T03:58:13Z" data-provider="calculatorProvider" finished-at="2018-11-24T03:58:17Z">
          <params>
            <param index="0">
              <value>
                <![CDATA[1]]>
              </value>
            </param>
            <param index="1">
              <value>
                <![CDATA[1]]>
              </value>
            </param>
            <param index="2">
              <value>
                <![CDATA[2]]>
              </value>
            </param>
          </params>
          <reporter-output>
          </reporter-output>
        </test-method> <!-- testPlus -->
        <test-method status="PASS" signature="cleanUp()[pri:0, instance:test.DataDrivenTest@42607a4f]" name="cleanUp" is-config="true" duration-ms="63" started-at="2018-11-24T03:58:17Z" finished-at="2018-11-24T03:58:17Z">
          <reporter-output>
          </reporter-output>
        </test-method> <!-- cleanUp -->
      </class> <!-- test.DataDrivenTest -->
    </test> <!-- Demo Data-Driven Test -->
  </suite> <!-- Demo Data-Driven Suite -->
</testng-results>
